# JRE version: Java(TM) SE Runtime Environment (8.0_121-b13) (build 1.8.0_121-b13)
# Java VM: Java HotSpot(TM) 64-Bit Server VM (25.121-b13 mixed mode linux-amd64 compressed oops)
Heap:
 PSYoungGen      total 435200K, used 16976K [0x00000000d8000000, 0x00000000f3f00000, 0x0000000100000000)
  eden space 416768K, 0% used [0x00000000d8000000,0x00000000d8000000,0x00000000f1700000)
  from space 18432K, 92% used [0x00000000f1b00000,0x00000000f2b94078,0x00000000f2d00000)
  to   space 15360K, 0% used [0x00000000f3000000,0x00000000f3000000,0x00000000f3f00000)
 ParOldGen       total 72704K, used 31082K [0x0000000088000000, 0x000000008c700000, 0x00000000d8000000)
  object space 72704K, 42% used [0x0000000088000000,0x0000000089e5a850,0x000000008c700000)
 Metaspace       used 53607K, capacity 54296K, committed 54528K, reserved 1097728K
  class space    used 6644K, capacity 6795K, committed 6912K, reserved 1048576K
GC Heap History (10 events):
Event: 14.337 GC heap after
Heap after GC invocations=10 (full 1):
 PSYoungGen      total 207360K, used 10232K [0x00000000d8000000, 0x00000000eb380000, 0x0000000100000000)
  eden space 197120K, 0% used [0x00000000d8000000,0x00000000d8000000,0x00000000e4080000)
  from space 10240K, 99% used [0x00000000e4080000,0x00000000e4a7e2e8,0x00000000e4a80000)
  to   space 14336K, 0% used [0x00000000ea580000,0x00000000ea580000,0x00000000eb380000)
 ParOldGen       total 51200K, used 17179K [0x0000000088000000, 0x000000008b200000, 0x00000000d8000000)
  object space 51200K, 33% used [0x0000000088000000,0x00000000890c6d20,0x000000008b200000)
 Metaspace       used 30723K, capacity 31142K, committed 31360K, reserved 1077248K
  class space    used 3813K, capacity 3910K, committed 3968K, reserved 1048576K
}
Event: 17.959 GC heap before
{Heap before GC invocations=11 (full 1):
 PSYoungGen      total 207360K, used 207352K [0x00000000d8000000, 0x00000000eb380000, 0x0000000100000000)
  eden space 197120K, 100% used [0x00000000d8000000,0x00000000e4080000,0x00000000e4080000)
  from space 10240K, 99% used [0x00000000e4080000,0x00000000e4a7e2e8,0x00000000e4a80000)
  to   space 14336K, 0% used [0x00000000ea580000,0x00000000ea580000,0x00000000eb380000)
 ParOldGen       total 51200K, used 17179K [0x0000000088000000, 0x000000008b200000, 0x00000000d8000000)
  object space 51200K, 33% used [0x0000000088000000,0x00000000890c6d20,0x000000008b200000)
 Metaspace       used 34823K, capacity 35234K, committed 35456K, reserved 1081344K
  class space    used 4270K, capacity 4368K, committed 4480K, reserved 1048576K
Event: 18.044 GC heap after
Heap after GC invocations=11 (full 1):
 PSYoungGen      total 298496K, used 10325K [0x00000000d8000000, 0x00000000eb300000, 0x0000000100000000)
  eden space 284672K, 0% used [0x00000000d8000000,0x00000000d8000000,0x00000000e9600000)
  from space 13824K, 74% used [0x00000000ea580000,0x00000000eaf95450,0x00000000eb300000)
  to   space 14848K, 0% used [0x00000000e9600000,0x00000000e9600000,0x00000000ea480000)
 ParOldGen       total 51200K, used 21344K [0x0000000088000000, 0x000000008b200000, 0x00000000d8000000)
  object space 51200K, 41% used [0x0000000088000000,0x00000000894d8388,0x000000008b200000)
 Metaspace       used 34823K, capacity 35234K, committed 35456K, reserved 1081344K
  class space    used 4270K, capacity 4368K, committed 4480K, reserved 1048576K
}
Event: 18.444 GC heap before
{Heap before GC invocations=12 (full 1):
 PSYoungGen      total 298496K, used 17438K [0x00000000d8000000, 0x00000000eb300000, 0x0000000100000000)
  eden space 284672K, 2% used [0x00000000d8000000,0x00000000d86f2730,0x00000000e9600000)
  from space 13824K, 74% used [0x00000000ea580000,0x00000000eaf95450,0x00000000eb300000)
  to   space 14848K, 0% used [0x00000000e9600000,0x00000000e9600000,0x00000000ea480000)
 ParOldGen       total 51200K, used 21344K [0x0000000088000000, 0x000000008b200000, 0x00000000d8000000)
  object space 51200K, 41% used [0x0000000088000000,0x00000000894d8388,0x000000008b200000)
 Metaspace       used 34845K, capacity 35234K, committed 35456K, reserved 1081344K
  class space    used 4272K, capacity 4368K, committed 4480K, reserved 1048576K
Event: 18.505 GC heap after
Heap after GC invocations=12 (full 1):
 PSYoungGen      total 299520K, used 128K [0x00000000d8000000, 0x00000000f3f00000, 0x0000000100000000)
  eden space 284672K, 0% used [0x00000000d8000000,0x00000000d8000000,0x00000000e9600000)
  from space 14848K, 0% used [0x00000000e9600000,0x00000000e9620000,0x00000000ea480000)
  to   space 15360K, 0% used [0x00000000f3000000,0x00000000f3000000,0x00000000f3f00000)
 ParOldGen       total 51200K, used 28717K [0x0000000088000000, 0x000000008b200000, 0x00000000d8000000)
  object space 51200K, 56% used [0x0000000088000000,0x0000000089c0b5c8,0x000000008b200000)
 Metaspace       used 34845K, capacity 35234K, committed 35456K, reserved 1081344K
  class space    used 4272K, capacity 4368K, committed 4480K, reserved 1048576K
}
Event: 18.505 GC heap before
{Heap before GC invocations=13 (full 2):
 PSYoungGen      total 299520K, used 128K [0x00000000d8000000, 0x00000000f3f00000, 0x0000000100000000)
  eden space 284672K, 0% used [0x00000000d8000000,0x00000000d8000000,0x00000000e9600000)
  from space 14848K, 0% used [0x00000000e9600000,0x00000000e9620000,0x00000000ea480000)
  to   space 15360K, 0% used [0x00000000f3000000,0x00000000f3000000,0x00000000f3f00000)
 ParOldGen       total 51200K, used 28717K [0x0000000088000000, 0x000000008b200000, 0x00000000d8000000)
  object space 51200K, 56% used [0x0000000088000000,0x0000000089c0b5c8,0x000000008b200000)
 Metaspace       used 34845K, capacity 35234K, committed 35456K, reserved 1081344K
  class space    used 4272K, capacity 4368K, committed 4480K, reserved 1048576K
Event: 18.673 GC heap after
Heap after GC invocations=13 (full 2):
 PSYoungGen      total 299520K, used 0K [0x00000000d8000000, 0x00000000f3f00000, 0x0000000100000000)
  eden space 284672K, 0% used [0x00000000d8000000,0x00000000d8000000,0x00000000e9600000)
  from space 14848K, 0% used [0x00000000e9600000,0x00000000e9600000,0x00000000ea480000)
  to   space 15360K, 0% used [0x00000000f3000000,0x00000000f3000000,0x00000000f3f00000)
 ParOldGen       total 72704K, used 21060K [0x0000000088000000, 0x000000008c700000, 0x00000000d8000000)
  object space 72704K, 28% used [0x0000000088000000,0x0000000089491250,0x000000008c700000)
 Metaspace       used 34845K, capacity 35234K, committed 35456K, reserved 1081344K
  class space    used 4272K, capacity 4368K, committed 4480K, reserved 1048576K
}
Event: 34.187 GC heap before
{Heap before GC invocations=14 (full 2):
 PSYoungGen      total 299520K, used 284672K [0x00000000d8000000, 0x00000000f3f00000, 0x0000000100000000)
  eden space 284672K, 100% used [0x00000000d8000000,0x00000000e9600000,0x00000000e9600000)
  from space 14848K, 0% used [0x00000000e9600000,0x00000000e9600000,0x00000000ea480000)
  to   space 15360K, 0% used [0x00000000f3000000,0x00000000f3000000,0x00000000f3f00000)
 ParOldGen       total 72704K, used 21060K [0x0000000088000000, 0x000000008c700000, 0x00000000d8000000)
  object space 72704K, 28% used [0x0000000088000000,0x0000000089491250,0x000000008c700000)
 Metaspace       used 47835K, capacity 48390K, committed 48640K, reserved 1091584K
  class space    used 5988K, capacity 6115K, committed 6144K, reserved 1048576K
Event: 34.275 GC heap after
Heap after GC invocations=14 (full 2):
 PSYoungGen      total 432128K, used 15356K [0x00000000d8000000, 0x00000000f3f00000, 0x0000000100000000)
  eden space 416768K, 0% used [0x00000000d8000000,0x00000000d8000000,0x00000000f1700000)
  from space 15360K, 99% used [0x00000000f3000000,0x00000000f3eff030,0x00000000f3f00000)
  to   space 18432K, 0% used [0x00000000f1b00000,0x00000000f1b00000,0x00000000f2d00000)
 ParOldGen       total 72704K, used 23532K [0x0000000088000000, 0x000000008c700000, 0x00000000d8000000)
  object space 72704K, 32% used [0x0000000088000000,0x00000000896fb088,0x000000008c700000)
 Metaspace       used 47835K, capacity 48390K, committed 48640K, reserved 1091584K
  class space    used 5988K, capacity 6115K, committed 6144K, reserved 1048576K
}
Event: 42.672 GC heap before
{Heap before GC invocations=15 (full 2):
 PSYoungGen      total 432128K, used 432124K [0x00000000d8000000, 0x00000000f3f00000, 0x0000000100000000)
  eden space 416768K, 100% used [0x00000000d8000000,0x00000000f1700000,0x00000000f1700000)
  from space 15360K, 99% used [0x00000000f3000000,0x00000000f3eff030,0x00000000f3f00000)
  to   space 18432K, 0% used [0x00000000f1b00000,0x00000000f1b00000,0x00000000f2d00000)
 ParOldGen       total 72704K, used 23532K [0x0000000088000000, 0x000000008c700000, 0x00000000d8000000)
  object space 72704K, 32% used [0x0000000088000000,0x00000000896fb088,0x000000008c700000)
 Metaspace       used 53607K, capacity 54296K, committed 54528K, reserved 1097728K
  class space    used 6644K, capacity 6795K, committed 6912K, reserved 1048576K

